26-03-20 12:13:00.068 [main] INFO  c.m.journalApp.JournalApplication - Starting JournalApplication using Java 21 with PID 27048 (C:\Users\manas\Downloads\journalApp\journalApp\target\classes started by manas in C:\Users\manas\Downloads\journalApp) 
26-03-20 12:13:00.078 [main] INFO  c.m.journalApp.JournalApplication - No active profile set, falling back to 1 default profile: "default" 
26-03-20 12:13:01.134 [main] INFO  o.s.d.r.c.RepositoryConfigurationDelegate - Bootstrapping Spring Data MongoDB repositories in DEFAULT mode. 
26-03-20 12:13:01.250 [main] INFO  o.s.d.r.c.RepositoryConfigurationDelegate - Finished Spring Data repository scanning in 102 ms. Found 2 MongoDB repository interfaces. 
26-03-20 12:13:02.033 [main] INFO  o.s.b.w.e.tomcat.TomcatWebServer - Tomcat initialized with port 8080 (http) 
26-03-20 12:13:02.050 [main] INFO  o.a.coyote.http11.Http11NioProtocol - Initializing ProtocolHandler ["http-nio-8080"] 
26-03-20 12:13:02.053 [main] INFO  o.a.catalina.core.StandardService - Starting service [Tomcat] 
26-03-20 12:13:02.054 [main] INFO  o.a.catalina.core.StandardEngine - Starting Servlet engine: [Apache Tomcat/10.1.49] 
26-03-20 12:13:02.146 [main] INFO  o.a.c.c.C.[.[localhost].[/Journal] - Initializing Spring embedded WebApplicationContext 
26-03-20 12:13:02.146 [main] INFO  o.s.b.w.s.c.ServletWebServerApplicationContext - Root WebApplicationContext: initialization completed in 1990 ms 
26-03-20 12:13:02.550 [cluster-ClusterId{value='69bcec7616308b14ae1eb4d3', description='Cluster0'}-srv-cluster0.gkw0pvu.mongodb.net] INFO  org.mongodb.driver.cluster - Adding discovered server ac-efwuqja-shard-00-01.gkw0pvu.mongodb.net:27017 to client view of cluster 
26-03-20 12:13:02.563 [main] INFO  org.mongodb.driver.client - MongoClient with metadata {"application": {"name": "Cluster0"}, "driver": {"name": "mongo-java-driver|sync|spring-boot", "version": "5.2.1"}, "os": {"type": "Windows", "name": "Windows 11", "architecture": "amd64", "version": "10.0"}, "platform": "Java/Oracle Corporation/21+35-2513"} created with settings MongoClientSettings{readPreference=primary, writeConcern=WriteConcern{w=majority, wTimeout=null ms, journal=null}, retryWrites=true, retryReads=true, readConcern=ReadConcern{level=null}, credential=MongoCredential{mechanism=null, userName='manas0309', source='admin', password=<hidden>, mechanismProperties=<hidden>}, transportSettings=null, commandListeners=[], codecRegistry=ProvidersCodecRegistry{codecProviders=[ValueCodecProvider{}, BsonValueCodecProvider{}, DBRefCodecProvider{}, DBObjectCodecProvider{}, DocumentCodecProvider{}, CollectionCodecProvider{}, IterableCodecProvider{}, MapCodecProvider{}, GeoJsonCodecProvider{}, GridFSFileCodecProvider{}, Jsr310CodecProvider{}, JsonObjectCodecProvider{}, BsonCodecProvider{}, EnumCodecProvider{}, com.mongodb.client.model.mql.ExpressionCodecProvider@29d405e6, com.mongodb.Jep395RecordCodecProvider@4c731956, com.mongodb.KotlinCodecProvider@56826a75]}, loggerSettings=LoggerSettings{maxDocumentLength=1000}, clusterSettings={hosts=[127.0.0.1:27017], srvHost=cluster0.gkw0pvu.mongodb.net, srvServiceName=mongodb, mode=MULTIPLE, requiredClusterType=REPLICA_SET, requiredReplicaSetName='atlas-10i3pz-shard-0', serverSelector='null', clusterListeners='[]', serverSelectionTimeout='30000 ms', localThreshold='15 ms'}, socketSettings=SocketSettings{connectTimeoutMS=10000, readTimeoutMS=0, receiveBufferSize=0, proxySettings=ProxySettings{host=null, port=null, username=null, password=null}}, heartbeatSocketSettings=SocketSettings{connectTimeoutMS=10000, readTimeoutMS=10000, receiveBufferSize=0, proxySettings=ProxySettings{host=null, port=null, username=null, password=null}}, connectionPoolSettings=ConnectionPoolSettings{maxSize=100, minSize=0, maxWaitTimeMS=120000, maxConnectionLifeTimeMS=0, maxConnectionIdleTimeMS=0, maintenanceInitialDelayMS=0, maintenanceFrequencyMS=60000, connectionPoolListeners=[], maxConnecting=2}, serverSettings=ServerSettings{heartbeatFrequencyMS=10000, minHeartbeatFrequencyMS=500, serverMonitoringMode=AUTO, serverListeners='[]', serverMonitorListeners='[]'}, sslSettings=SslSettings{enabled=true, invalidHostNameAllowed=false, context=null}, applicationName='Cluster0', compressorList=[], uuidRepresentation=JAVA_LEGACY, serverApi=null, autoEncryptionSettings=null, dnsClient=null, inetAddressResolver=null, contextProvider=null, timeoutMS=null} 
26-03-20 12:13:02.600 [cluster-ClusterId{value='69bcec7616308b14ae1eb4d3', description='Cluster0'}-srv-cluster0.gkw0pvu.mongodb.net] INFO  org.mongodb.driver.cluster - Adding discovered server ac-efwuqja-shard-00-02.gkw0pvu.mongodb.net:27017 to client view of cluster 
26-03-20 12:13:02.604 [cluster-ClusterId{value='69bcec7616308b14ae1eb4d3', description='Cluster0'}-srv-cluster0.gkw0pvu.mongodb.net] INFO  org.mongodb.driver.cluster - Adding discovered server ac-efwuqja-shard-00-00.gkw0pvu.mongodb.net:27017 to client view of cluster 
26-03-20 12:13:03.030 [main] INFO  org.mongodb.driver.cluster - Waiting for server to become available for operation with ID 5. Remaining time: 29988 ms. Selector: WritableServerSelector, topology description: {type=REPLICA_SET, servers=[{address=ac-efwuqja-shard-00-01.gkw0pvu.mongodb.net:27017, type=UNKNOWN, state=CONNECTING}, {address=ac-efwuqja-shard-00-02.gkw0pvu.mongodb.net:27017, type=UNKNOWN, state=CONNECTING}, {address=ac-efwuqja-shard-00-00.gkw0pvu.mongodb.net:27017, type=UNKNOWN, state=CONNECTING}]. 
26-03-20 12:13:03.673 [cluster-ClusterId{value='69bcec7616308b14ae1eb4d3', description='Cluster0'}-ac-efwuqja-shard-00-01.gkw0pvu.mongodb.net:27017] INFO  org.mongodb.driver.cluster - Monitor thread successfully connected to server with description ServerDescription{address=ac-efwuqja-shard-00-01.gkw0pvu.mongodb.net:27017, type=REPLICA_SET_PRIMARY, cryptd=false, state=CONNECTED, ok=true, minWireVersion=0, maxWireVersion=25, maxDocumentSize=16777216, logicalSessionTimeoutMinutes=30, roundTripTimeNanos=646552900, minRoundTripTimeNanos=0, setName='atlas-10i3pz-shard-0', canonicalAddress=ac-efwuqja-shard-00-01.gkw0pvu.mongodb.net:27017, hosts=[ac-efwuqja-shard-00-00.gkw0pvu.mongodb.net:27017, ac-efwuqja-shard-00-01.gkw0pvu.mongodb.net:27017, ac-efwuqja-shard-00-02.gkw0pvu.mongodb.net:27017], passives=[], arbiters=[], primary='ac-efwuqja-shard-00-01.gkw0pvu.mongodb.net:27017', tagSet=TagSet{[Tag{name='availabilityZone', value='aps1-az3'}, Tag{name='diskState', value='READY'}, Tag{name='nodeType', value='ELECTABLE'}, Tag{name='provider', value='AWS'}, Tag{name='region', value='AP_SOUTH_1'}, Tag{name='workloadType', value='OPERATIONAL'}]}, electionId=7fffffff000000000000016a, setVersion=368, topologyVersion=TopologyVersion{processId=69b2df8cf92601f0441605c3, counter=6}, lastWriteDate=Fri Mar 20 12:13:03 IST 2026, lastUpdateTimeNanos=7128922106200} 
26-03-20 12:13:03.677 [cluster-ClusterId{value='69bcec7616308b14ae1eb4d3', description='Cluster0'}-ac-efwuqja-shard-00-01.gkw0pvu.mongodb.net:27017] INFO  org.mongodb.driver.cluster - Discovered replica set primary ac-efwuqja-shard-00-01.gkw0pvu.mongodb.net:27017 with max election id 7fffffff000000000000016a and max set version 368 
26-03-20 12:13:04.366 [cluster-ClusterId{value='69bcec7616308b14ae1eb4d3', description='Cluster0'}-ac-efwuqja-shard-00-00.gkw0pvu.mongodb.net:27017] INFO  org.mongodb.driver.cluster - Monitor thread successfully connected to server with description ServerDescription{address=ac-efwuqja-shard-00-00.gkw0pvu.mongodb.net:27017, type=REPLICA_SET_SECONDARY, cryptd=false, state=CONNECTED, ok=true, minWireVersion=0, maxWireVersion=25, maxDocumentSize=16777216, logicalSessionTimeoutMinutes=30, roundTripTimeNanos=328823900, minRoundTripTimeNanos=0, setName='atlas-10i3pz-shard-0', canonicalAddress=ac-efwuqja-shard-00-00.gkw0pvu.mongodb.net:27017, hosts=[ac-efwuqja-shard-00-00.gkw0pvu.mongodb.net:27017, ac-efwuqja-shard-00-01.gkw0pvu.mongodb.net:27017, ac-efwuqja-shard-00-02.gkw0pvu.mongodb.net:27017], passives=[], arbiters=[], primary='ac-efwuqja-shard-00-01.gkw0pvu.mongodb.net:27017', tagSet=TagSet{[Tag{name='availabilityZone', value='aps1-az1'}, Tag{name='diskState', value='READY'}, Tag{name='nodeType', value='ELECTABLE'}, Tag{name='provider', value='AWS'}, Tag{name='region', value='AP_SOUTH_1'}, Tag{name='workloadType', value='OPERATIONAL'}]}, electionId=null, setVersion=368, topologyVersion=TopologyVersion{processId=69b2dd240cccb9a4913cf686, counter=4}, lastWriteDate=Fri Mar 20 12:13:04 IST 2026, lastUpdateTimeNanos=7129618346900} 
26-03-20 12:13:04.389 [main] WARN  o.s.s.c.a.a.c.InitializeUserDetailsBeanManagerConfigurer$InitializeUserDetailsManagerConfigurer - Global AuthenticationManager configured with an AuthenticationProvider bean. UserDetailsService beans will not be used by Spring Security for automatically configuring username/password login. Consider removing the AuthenticationProvider bean. Alternatively, consider using the UserDetailsService in a manually instantiated DaoAuthenticationProvider. If the current configuration is intentional, to turn off this warning, increase the logging level of 'org.springframework.security.config.annotation.authentication.configuration.InitializeUserDetailsBeanManagerConfigurer' to ERROR 
26-03-20 12:13:04.513 [main] INFO  o.s.b.a.w.s.WelcomePageHandlerMapping - Adding welcome page: class path resource [static/index.html] 
26-03-20 12:13:05.101 [main] INFO  o.a.coyote.http11.Http11NioProtocol - Starting ProtocolHandler ["http-nio-8080"] 
26-03-20 12:13:05.122 [main] INFO  o.s.b.w.e.tomcat.TomcatWebServer - Tomcat started on port 8080 (http) with context path '/Journal' 
26-03-20 12:13:05.133 [main] INFO  c.m.journalApp.JournalApplication - Started JournalApplication in 5.762 seconds (process running for 7.601) 
26-03-20 12:13:05.450 [cluster-ClusterId{value='69bcec7616308b14ae1eb4d3', description='Cluster0'}-ac-efwuqja-shard-00-02.gkw0pvu.mongodb.net:27017] INFO  org.mongodb.driver.cluster - Monitor thread successfully connected to server with description ServerDescription{address=ac-efwuqja-shard-00-02.gkw0pvu.mongodb.net:27017, type=REPLICA_SET_SECONDARY, cryptd=false, state=CONNECTED, ok=true, minWireVersion=0, maxWireVersion=25, maxDocumentSize=16777216, logicalSessionTimeoutMinutes=30, roundTripTimeNanos=320757500, minRoundTripTimeNanos=0, setName='atlas-10i3pz-shard-0', canonicalAddress=ac-efwuqja-shard-00-02.gkw0pvu.mongodb.net:27017, hosts=[ac-efwuqja-shard-00-00.gkw0pvu.mongodb.net:27017, ac-efwuqja-shard-00-01.gkw0pvu.mongodb.net:27017, ac-efwuqja-shard-00-02.gkw0pvu.mongodb.net:27017], passives=[], arbiters=[], primary='ac-efwuqja-shard-00-01.gkw0pvu.mongodb.net:27017', tagSet=TagSet{[Tag{name='availabilityZone', value='aps1-az2'}, Tag{name='diskState', value='READY'}, Tag{name='nodeType', value='ELECTABLE'}, Tag{name='provider', value='AWS'}, Tag{name='region', value='AP_SOUTH_1'}, Tag{name='workloadType', value='OPERATIONAL'}]}, electionId=null, setVersion=368, topologyVersion=TopologyVersion{processId=69b2e245f135c3fb6d4b708b, counter=3}, lastWriteDate=Fri Mar 20 12:13:05 IST 2026, lastUpdateTimeNanos=7130701444600} 
26-03-20 12:16:29.042 [http-nio-8080-exec-1] INFO  o.a.c.c.C.[.[localhost].[/Journal] - Initializing Spring DispatcherServlet 'dispatcherServlet' 
26-03-20 12:16:29.043 [http-nio-8080-exec-1] INFO  o.s.web.servlet.DispatcherServlet - Initializing Servlet 'dispatcherServlet' 
26-03-20 12:16:29.046 [http-nio-8080-exec-1] INFO  o.s.web.servlet.DispatcherServlet - Completed initialization in 3 ms 
26-03-20 12:42:12.046 [cluster-ClusterId{value='69bcec7616308b14ae1eb4d3', description='Cluster0'}-ac-efwuqja-shard-00-00.gkw0pvu.mongodb.net:27017] INFO  org.mongodb.driver.cluster - Exception in monitor thread while connecting to server ac-efwuqja-shard-00-00.gkw0pvu.mongodb.net:27017 
com.mongodb.MongoSocketReadTimeoutException: Timeout while receiving message
	at com.mongodb.internal.connection.InternalStreamConnection.createReadTimeoutException(InternalStreamConnection.java:824)
	at com.mongodb.internal.connection.InternalStreamConnection.translateReadException(InternalStreamConnection.java:812)
	at com.mongodb.internal.connection.InternalStreamConnection.receiveResponseBuffers(InternalStreamConnection.java:862)
	at com.mongodb.internal.connection.InternalStreamConnection.receiveCommandMessageResponse(InternalStreamConnection.java:517)
	at com.mongodb.internal.connection.InternalStreamConnection.receive(InternalStreamConnection.java:469)
	at com.mongodb.internal.connection.DefaultServerMonitor$ServerMonitor.lookupServerDescription(DefaultServerMonitor.java:249)
	at com.mongodb.internal.connection.DefaultServerMonitor$ServerMonitor.run(DefaultServerMonitor.java:176)
Caused by: java.net.SocketTimeoutException: Read timed out
	at java.base/sun.nio.ch.NioSocketImpl.timedRead(NioSocketImpl.java:278)
	at java.base/sun.nio.ch.NioSocketImpl.implRead(NioSocketImpl.java:304)
	at java.base/sun.nio.ch.NioSocketImpl.read(NioSocketImpl.java:346)
	at java.base/sun.nio.ch.NioSocketImpl$1.read(NioSocketImpl.java:796)
	at java.base/java.net.Socket$SocketInputStream.read(Socket.java:1099)
	at java.base/sun.security.ssl.SSLSocketInputRecord.read(SSLSocketInputRecord.java:489)
	at java.base/sun.security.ssl.SSLSocketInputRecord.readHeader(SSLSocketInputRecord.java:483)
	at java.base/sun.security.ssl.SSLSocketInputRecord.bytesInCompletePacket(SSLSocketInputRecord.java:70)
	at java.base/sun.security.ssl.SSLSocketImpl.readApplicationRecord(SSLSocketImpl.java:1461)
	at java.base/sun.security.ssl.SSLSocketImpl$AppInputStream.read(SSLSocketImpl.java:1066)
	at com.mongodb.internal.connection.SocketStream.read(SocketStream.java:182)
	at com.mongodb.internal.connection.InternalStreamConnection.receiveResponseBuffers(InternalStreamConnection.java:829)
	... 4 common frames omitted
26-03-20 12:42:12.046 [cluster-ClusterId{value='69bcec7616308b14ae1eb4d3', description='Cluster0'}-ac-efwuqja-shard-00-01.gkw0pvu.mongodb.net:27017] INFO  org.mongodb.driver.cluster - Exception in monitor thread while connecting to server ac-efwuqja-shard-00-01.gkw0pvu.mongodb.net:27017 
com.mongodb.MongoSocketReadTimeoutException: Timeout while receiving message
	at com.mongodb.internal.connection.InternalStreamConnection.createReadTimeoutException(InternalStreamConnection.java:824)
	at com.mongodb.internal.connection.InternalStreamConnection.translateReadException(InternalStreamConnection.java:812)
	at com.mongodb.internal.connection.InternalStreamConnection.receiveResponseBuffers(InternalStreamConnection.java:862)
	at com.mongodb.internal.connection.InternalStreamConnection.receiveCommandMessageResponse(InternalStreamConnection.java:517)
	at com.mongodb.internal.connection.InternalStreamConnection.receive(InternalStreamConnection.java:469)
	at com.mongodb.internal.connection.DefaultServerMonitor$ServerMonitor.lookupServerDescription(DefaultServerMonitor.java:249)
	at com.mongodb.internal.connection.DefaultServerMonitor$ServerMonitor.run(DefaultServerMonitor.java:176)
Caused by: java.net.SocketTimeoutException: Read timed out
	at java.base/sun.nio.ch.NioSocketImpl.timedRead(NioSocketImpl.java:278)
	at java.base/sun.nio.ch.NioSocketImpl.implRead(NioSocketImpl.java:304)
	at java.base/sun.nio.ch.NioSocketImpl.read(NioSocketImpl.java:346)
	at java.base/sun.nio.ch.NioSocketImpl$1.read(NioSocketImpl.java:796)
	at java.base/java.net.Socket$SocketInputStream.read(Socket.java:1099)
	at java.base/sun.security.ssl.SSLSocketInputRecord.read(SSLSocketInputRecord.java:489)
	at java.base/sun.security.ssl.SSLSocketInputRecord.readHeader(SSLSocketInputRecord.java:483)
	at java.base/sun.security.ssl.SSLSocketInputRecord.bytesInCompletePacket(SSLSocketInputRecord.java:70)
	at java.base/sun.security.ssl.SSLSocketImpl.readApplicationRecord(SSLSocketImpl.java:1461)
	at java.base/sun.security.ssl.SSLSocketImpl$AppInputStream.read(SSLSocketImpl.java:1066)
	at com.mongodb.internal.connection.SocketStream.read(SocketStream.java:182)
	at com.mongodb.internal.connection.InternalStreamConnection.receiveResponseBuffers(InternalStreamConnection.java:829)
	... 4 common frames omitted
26-03-20 12:42:12.046 [cluster-ClusterId{value='69bcec7616308b14ae1eb4d3', description='Cluster0'}-ac-efwuqja-shard-00-02.gkw0pvu.mongodb.net:27017] INFO  org.mongodb.driver.cluster - Exception in monitor thread while connecting to server ac-efwuqja-shard-00-02.gkw0pvu.mongodb.net:27017 
com.mongodb.MongoSocketReadTimeoutException: Timeout while receiving message
	at com.mongodb.internal.connection.InternalStreamConnection.createReadTimeoutException(InternalStreamConnection.java:824)
	at com.mongodb.internal.connection.InternalStreamConnection.translateReadException(InternalStreamConnection.java:812)
	at com.mongodb.internal.connection.InternalStreamConnection.receiveResponseBuffers(InternalStreamConnection.java:862)
	at com.mongodb.internal.connection.InternalStreamConnection.receiveCommandMessageResponse(InternalStreamConnection.java:517)
	at com.mongodb.internal.connection.InternalStreamConnection.receive(InternalStreamConnection.java:469)
	at com.mongodb.internal.connection.DefaultServerMonitor$ServerMonitor.lookupServerDescription(DefaultServerMonitor.java:249)
	at com.mongodb.internal.connection.DefaultServerMonitor$ServerMonitor.run(DefaultServerMonitor.java:176)
Caused by: java.net.SocketTimeoutException: Read timed out
	at java.base/sun.nio.ch.NioSocketImpl.timedRead(NioSocketImpl.java:278)
	at java.base/sun.nio.ch.NioSocketImpl.implRead(NioSocketImpl.java:304)
	at java.base/sun.nio.ch.NioSocketImpl.read(NioSocketImpl.java:346)
	at java.base/sun.nio.ch.NioSocketImpl$1.read(NioSocketImpl.java:796)
	at java.base/java.net.Socket$SocketInputStream.read(Socket.java:1099)
	at java.base/sun.security.ssl.SSLSocketInputRecord.read(SSLSocketInputRecord.java:489)
	at java.base/sun.security.ssl.SSLSocketInputRecord.readHeader(SSLSocketInputRecord.java:483)
	at java.base/sun.security.ssl.SSLSocketInputRecord.bytesInCompletePacket(SSLSocketInputRecord.java:70)
	at java.base/sun.security.ssl.SSLSocketImpl.readApplicationRecord(SSLSocketImpl.java:1461)
	at java.base/sun.security.ssl.SSLSocketImpl$AppInputStream.read(SSLSocketImpl.java:1066)
	at com.mongodb.internal.connection.SocketStream.read(SocketStream.java:182)
	at com.mongodb.internal.connection.InternalStreamConnection.receiveResponseBuffers(InternalStreamConnection.java:829)
	... 4 common frames omitted
26-03-20 12:42:12.250 [cluster-ClusterId{value='69bcec7616308b14ae1eb4d3', description='Cluster0'}-ac-efwuqja-shard-00-01.gkw0pvu.mongodb.net:27017] INFO  org.mongodb.driver.cluster - Monitor thread successfully connected to server with description ServerDescription{address=ac-efwuqja-shard-00-01.gkw0pvu.mongodb.net:27017, type=REPLICA_SET_PRIMARY, cryptd=false, state=CONNECTED, ok=true, minWireVersion=0, maxWireVersion=25, maxDocumentSize=16777216, logicalSessionTimeoutMinutes=30, roundTripTimeNanos=134935000, minRoundTripTimeNanos=0, setName='atlas-10i3pz-shard-0', canonicalAddress=ac-efwuqja-shard-00-01.gkw0pvu.mongodb.net:27017, hosts=[ac-efwuqja-shard-00-00.gkw0pvu.mongodb.net:27017, ac-efwuqja-shard-00-01.gkw0pvu.mongodb.net:27017, ac-efwuqja-shard-00-02.gkw0pvu.mongodb.net:27017], passives=[], arbiters=[], primary='ac-efwuqja-shard-00-01.gkw0pvu.mongodb.net:27017', tagSet=TagSet{[Tag{name='availabilityZone', value='aps1-az3'}, Tag{name='diskState', value='READY'}, Tag{name='nodeType', value='ELECTABLE'}, Tag{name='provider', value='AWS'}, Tag{name='region', value='AP_SOUTH_1'}, Tag{name='workloadType', value='OPERATIONAL'}]}, electionId=7fffffff000000000000016a, setVersion=368, topologyVersion=TopologyVersion{processId=69b2df8cf92601f0441605c3, counter=6}, lastWriteDate=Fri Mar 20 12:42:11 IST 2026, lastUpdateTimeNanos=8877501941300} 
26-03-20 12:42:12.252 [cluster-ClusterId{value='69bcec7616308b14ae1eb4d3', description='Cluster0'}-ac-efwuqja-shard-00-01.gkw0pvu.mongodb.net:27017] INFO  org.mongodb.driver.cluster - Discovered replica set primary ac-efwuqja-shard-00-01.gkw0pvu.mongodb.net:27017 with max election id 7fffffff000000000000016a and max set version 368 
26-03-20 12:42:14.264 [cluster-ClusterId{value='69bcec7616308b14ae1eb4d3', description='Cluster0'}-ac-efwuqja-shard-00-00.gkw0pvu.mongodb.net:27017] INFO  org.mongodb.driver.cluster - Monitor thread successfully connected to server with description ServerDescription{address=ac-efwuqja-shard-00-00.gkw0pvu.mongodb.net:27017, type=REPLICA_SET_SECONDARY, cryptd=false, state=CONNECTED, ok=true, minWireVersion=0, maxWireVersion=25, maxDocumentSize=16777216, logicalSessionTimeoutMinutes=30, roundTripTimeNanos=109400700, minRoundTripTimeNanos=0, setName='atlas-10i3pz-shard-0', canonicalAddress=ac-efwuqja-shard-00-00.gkw0pvu.mongodb.net:27017, hosts=[ac-efwuqja-shard-00-00.gkw0pvu.mongodb.net:27017, ac-efwuqja-shard-00-01.gkw0pvu.mongodb.net:27017, ac-efwuqja-shard-00-02.gkw0pvu.mongodb.net:27017], passives=[], arbiters=[], primary='ac-efwuqja-shard-00-01.gkw0pvu.mongodb.net:27017', tagSet=TagSet{[Tag{name='availabilityZone', value='aps1-az1'}, Tag{name='diskState', value='READY'}, Tag{name='nodeType', value='ELECTABLE'}, Tag{name='provider', value='AWS'}, Tag{name='region', value='AP_SOUTH_1'}, Tag{name='workloadType', value='OPERATIONAL'}]}, electionId=null, setVersion=368, topologyVersion=TopologyVersion{processId=69b2dd240cccb9a4913cf686, counter=4}, lastWriteDate=Fri Mar 20 12:42:13 IST 2026, lastUpdateTimeNanos=8879517308400} 
26-03-20 12:42:14.271 [cluster-ClusterId{value='69bcec7616308b14ae1eb4d3', description='Cluster0'}-ac-efwuqja-shard-00-02.gkw0pvu.mongodb.net:27017] INFO  org.mongodb.driver.cluster - Monitor thread successfully connected to server with description ServerDescription{address=ac-efwuqja-shard-00-02.gkw0pvu.mongodb.net:27017, type=REPLICA_SET_SECONDARY, cryptd=false, state=CONNECTED, ok=true, minWireVersion=0, maxWireVersion=25, maxDocumentSize=16777216, logicalSessionTimeoutMinutes=30, roundTripTimeNanos=105269200, minRoundTripTimeNanos=0, setName='atlas-10i3pz-shard-0', canonicalAddress=ac-efwuqja-shard-00-02.gkw0pvu.mongodb.net:27017, hosts=[ac-efwuqja-shard-00-00.gkw0pvu.mongodb.net:27017, ac-efwuqja-shard-00-01.gkw0pvu.mongodb.net:27017, ac-efwuqja-shard-00-02.gkw0pvu.mongodb.net:27017], passives=[], arbiters=[], primary='ac-efwuqja-shard-00-01.gkw0pvu.mongodb.net:27017', tagSet=TagSet{[Tag{name='availabilityZone', value='aps1-az2'}, Tag{name='diskState', value='READY'}, Tag{name='nodeType', value='ELECTABLE'}, Tag{name='provider', value='AWS'}, Tag{name='region', value='AP_SOUTH_1'}, Tag{name='workloadType', value='OPERATIONAL'}]}, electionId=null, setVersion=368, topologyVersion=TopologyVersion{processId=69b2e245f135c3fb6d4b708b, counter=3}, lastWriteDate=Fri Mar 20 12:42:13 IST 2026, lastUpdateTimeNanos=8879523925400} 
26-03-20 14:26:04.949 [cluster-ClusterId{value='69bcec7616308b14ae1eb4d3', description='Cluster0'}-ac-efwuqja-shard-00-02.gkw0pvu.mongodb.net:27017] INFO  org.mongodb.driver.cluster - Exception in monitor thread while connecting to server ac-efwuqja-shard-00-02.gkw0pvu.mongodb.net:27017 
com.mongodb.MongoSocketReadTimeoutException: Timeout while receiving message
	at com.mongodb.internal.connection.InternalStreamConnection.createReadTimeoutException(InternalStreamConnection.java:824)
	at com.mongodb.internal.connection.InternalStreamConnection.translateReadException(InternalStreamConnection.java:812)
	at com.mongodb.internal.connection.InternalStreamConnection.receiveResponseBuffers(InternalStreamConnection.java:862)
	at com.mongodb.internal.connection.InternalStreamConnection.receiveCommandMessageResponse(InternalStreamConnection.java:517)
	at com.mongodb.internal.connection.InternalStreamConnection.receive(InternalStreamConnection.java:469)
	at com.mongodb.internal.connection.DefaultServerMonitor$ServerMonitor.lookupServerDescription(DefaultServerMonitor.java:249)
	at com.mongodb.internal.connection.DefaultServerMonitor$ServerMonitor.run(DefaultServerMonitor.java:176)
Caused by: java.net.SocketTimeoutException: Read timed out
	at java.base/sun.nio.ch.NioSocketImpl.timedRead(NioSocketImpl.java:278)
	at java.base/sun.nio.ch.NioSocketImpl.implRead(NioSocketImpl.java:304)
	at java.base/sun.nio.ch.NioSocketImpl.read(NioSocketImpl.java:346)
	at java.base/sun.nio.ch.NioSocketImpl$1.read(NioSocketImpl.java:796)
	at java.base/java.net.Socket$SocketInputStream.read(Socket.java:1099)
	at java.base/sun.security.ssl.SSLSocketInputRecord.read(SSLSocketInputRecord.java:489)
	at java.base/sun.security.ssl.SSLSocketInputRecord.readHeader(SSLSocketInputRecord.java:483)
	at java.base/sun.security.ssl.SSLSocketInputRecord.bytesInCompletePacket(SSLSocketInputRecord.java:70)
	at java.base/sun.security.ssl.SSLSocketImpl.readApplicationRecord(SSLSocketImpl.java:1461)
	at java.base/sun.security.ssl.SSLSocketImpl$AppInputStream.read(SSLSocketImpl.java:1066)
	at com.mongodb.internal.connection.SocketStream.read(SocketStream.java:182)
	at com.mongodb.internal.connection.InternalStreamConnection.receiveResponseBuffers(InternalStreamConnection.java:829)
	... 4 common frames omitted
26-03-20 14:26:04.949 [cluster-ClusterId{value='69bcec7616308b14ae1eb4d3', description='Cluster0'}-ac-efwuqja-shard-00-00.gkw0pvu.mongodb.net:27017] INFO  org.mongodb.driver.cluster - Exception in monitor thread while connecting to server ac-efwuqja-shard-00-00.gkw0pvu.mongodb.net:27017 
com.mongodb.MongoSocketReadTimeoutException: Timeout while receiving message
	at com.mongodb.internal.connection.InternalStreamConnection.createReadTimeoutException(InternalStreamConnection.java:824)
	at com.mongodb.internal.connection.InternalStreamConnection.translateReadException(InternalStreamConnection.java:812)
	at com.mongodb.internal.connection.InternalStreamConnection.receiveResponseBuffers(InternalStreamConnection.java:862)
	at com.mongodb.internal.connection.InternalStreamConnection.receiveCommandMessageResponse(InternalStreamConnection.java:517)
	at com.mongodb.internal.connection.InternalStreamConnection.receive(InternalStreamConnection.java:469)
	at com.mongodb.internal.connection.DefaultServerMonitor$ServerMonitor.lookupServerDescription(DefaultServerMonitor.java:249)
	at com.mongodb.internal.connection.DefaultServerMonitor$ServerMonitor.run(DefaultServerMonitor.java:176)
Caused by: java.net.SocketTimeoutException: Read timed out
	at java.base/sun.nio.ch.NioSocketImpl.timedRead(NioSocketImpl.java:278)
	at java.base/sun.nio.ch.NioSocketImpl.implRead(NioSocketImpl.java:304)
	at java.base/sun.nio.ch.NioSocketImpl.read(NioSocketImpl.java:346)
	at java.base/sun.nio.ch.NioSocketImpl$1.read(NioSocketImpl.java:796)
	at java.base/java.net.Socket$SocketInputStream.read(Socket.java:1099)
	at java.base/sun.security.ssl.SSLSocketInputRecord.read(SSLSocketInputRecord.java:489)
	at java.base/sun.security.ssl.SSLSocketInputRecord.readHeader(SSLSocketInputRecord.java:483)
	at java.base/sun.security.ssl.SSLSocketInputRecord.bytesInCompletePacket(SSLSocketInputRecord.java:70)
	at java.base/sun.security.ssl.SSLSocketImpl.readApplicationRecord(SSLSocketImpl.java:1461)
	at java.base/sun.security.ssl.SSLSocketImpl$AppInputStream.read(SSLSocketImpl.java:1066)
	at com.mongodb.internal.connection.SocketStream.read(SocketStream.java:182)
	at com.mongodb.internal.connection.InternalStreamConnection.receiveResponseBuffers(InternalStreamConnection.java:829)
	... 4 common frames omitted
26-03-20 14:26:04.961 [cluster-ClusterId{value='69bcec7616308b14ae1eb4d3', description='Cluster0'}-ac-efwuqja-shard-00-01.gkw0pvu.mongodb.net:27017] INFO  org.mongodb.driver.cluster - Exception in monitor thread while connecting to server ac-efwuqja-shard-00-01.gkw0pvu.mongodb.net:27017 
com.mongodb.MongoSocketReadTimeoutException: Timeout while receiving message
	at com.mongodb.internal.connection.InternalStreamConnection.createReadTimeoutException(InternalStreamConnection.java:824)
	at com.mongodb.internal.connection.InternalStreamConnection.translateReadException(InternalStreamConnection.java:812)
	at com.mongodb.internal.connection.InternalStreamConnection.receiveResponseBuffers(InternalStreamConnection.java:862)
	at com.mongodb.internal.connection.InternalStreamConnection.receiveCommandMessageResponse(InternalStreamConnection.java:517)
	at com.mongodb.internal.connection.InternalStreamConnection.receive(InternalStreamConnection.java:469)
	at com.mongodb.internal.connection.DefaultServerMonitor$ServerMonitor.lookupServerDescription(DefaultServerMonitor.java:249)
	at com.mongodb.internal.connection.DefaultServerMonitor$ServerMonitor.run(DefaultServerMonitor.java:176)
Caused by: java.net.SocketTimeoutException: Read timed out
	at java.base/sun.nio.ch.NioSocketImpl.timedRead(NioSocketImpl.java:278)
	at java.base/sun.nio.ch.NioSocketImpl.implRead(NioSocketImpl.java:304)
	at java.base/sun.nio.ch.NioSocketImpl.read(NioSocketImpl.java:346)
	at java.base/sun.nio.ch.NioSocketImpl$1.read(NioSocketImpl.java:796)
	at java.base/java.net.Socket$SocketInputStream.read(Socket.java:1099)
	at java.base/sun.security.ssl.SSLSocketInputRecord.read(SSLSocketInputRecord.java:489)
	at java.base/sun.security.ssl.SSLSocketInputRecord.readHeader(SSLSocketInputRecord.java:483)
	at java.base/sun.security.ssl.SSLSocketInputRecord.bytesInCompletePacket(SSLSocketInputRecord.java:70)
	at java.base/sun.security.ssl.SSLSocketImpl.readApplicationRecord(SSLSocketImpl.java:1461)
	at java.base/sun.security.ssl.SSLSocketImpl$AppInputStream.read(SSLSocketImpl.java:1066)
	at com.mongodb.internal.connection.SocketStream.read(SocketStream.java:182)
	at com.mongodb.internal.connection.InternalStreamConnection.receiveResponseBuffers(InternalStreamConnection.java:829)
	... 4 common frames omitted
26-03-20 14:26:05.446 [cluster-ClusterId{value='69bcec7616308b14ae1eb4d3', description='Cluster0'}-ac-efwuqja-shard-00-02.gkw0pvu.mongodb.net:27017] INFO  org.mongodb.driver.cluster - Monitor thread successfully connected to server with description ServerDescription{address=ac-efwuqja-shard-00-02.gkw0pvu.mongodb.net:27017, type=REPLICA_SET_SECONDARY, cryptd=false, state=CONNECTED, ok=true, minWireVersion=0, maxWireVersion=25, maxDocumentSize=16777216, logicalSessionTimeoutMinutes=30, roundTripTimeNanos=338887100, minRoundTripTimeNanos=0, setName='atlas-10i3pz-shard-0', canonicalAddress=ac-efwuqja-shard-00-02.gkw0pvu.mongodb.net:27017, hosts=[ac-efwuqja-shard-00-00.gkw0pvu.mongodb.net:27017, ac-efwuqja-shard-00-01.gkw0pvu.mongodb.net:27017, ac-efwuqja-shard-00-02.gkw0pvu.mongodb.net:27017], passives=[], arbiters=[], primary='ac-efwuqja-shard-00-01.gkw0pvu.mongodb.net:27017', tagSet=TagSet{[Tag{name='availabilityZone', value='aps1-az2'}, Tag{name='diskState', value='READY'}, Tag{name='nodeType', value='ELECTABLE'}, Tag{name='provider', value='AWS'}, Tag{name='region', value='AP_SOUTH_1'}, Tag{name='workloadType', value='OPERATIONAL'}]}, electionId=null, setVersion=368, topologyVersion=TopologyVersion{processId=69b2e245f135c3fb6d4b708b, counter=3}, lastWriteDate=Fri Mar 20 14:26:05 IST 2026, lastUpdateTimeNanos=15110697711100} 
26-03-20 14:26:05.463 [cluster-ClusterId{value='69bcec7616308b14ae1eb4d3', description='Cluster0'}-ac-efwuqja-shard-00-01.gkw0pvu.mongodb.net:27017] INFO  org.mongodb.driver.cluster - Monitor thread successfully connected to server with description ServerDescription{address=ac-efwuqja-shard-00-01.gkw0pvu.mongodb.net:27017, type=REPLICA_SET_PRIMARY, cryptd=false, state=CONNECTED, ok=true, minWireVersion=0, maxWireVersion=25, maxDocumentSize=16777216, logicalSessionTimeoutMinutes=30, roundTripTimeNanos=360355700, minRoundTripTimeNanos=0, setName='atlas-10i3pz-shard-0', canonicalAddress=ac-efwuqja-shard-00-01.gkw0pvu.mongodb.net:27017, hosts=[ac-efwuqja-shard-00-00.gkw0pvu.mongodb.net:27017, ac-efwuqja-shard-00-01.gkw0pvu.mongodb.net:27017, ac-efwuqja-shard-00-02.gkw0pvu.mongodb.net:27017], passives=[], arbiters=[], primary='ac-efwuqja-shard-00-01.gkw0pvu.mongodb.net:27017', tagSet=TagSet{[Tag{name='availabilityZone', value='aps1-az3'}, Tag{name='diskState', value='READY'}, Tag{name='nodeType', value='ELECTABLE'}, Tag{name='provider', value='AWS'}, Tag{name='region', value='AP_SOUTH_1'}, Tag{name='workloadType', value='OPERATIONAL'}]}, electionId=7fffffff000000000000016a, setVersion=368, topologyVersion=TopologyVersion{processId=69b2df8cf92601f0441605c3, counter=6}, lastWriteDate=Fri Mar 20 14:26:05 IST 2026, lastUpdateTimeNanos=15110715008500} 
26-03-20 14:26:05.464 [cluster-ClusterId{value='69bcec7616308b14ae1eb4d3', description='Cluster0'}-ac-efwuqja-shard-00-01.gkw0pvu.mongodb.net:27017] INFO  org.mongodb.driver.cluster - Discovered replica set primary ac-efwuqja-shard-00-01.gkw0pvu.mongodb.net:27017 with max election id 7fffffff000000000000016a and max set version 368 
26-03-20 14:26:05.557 [cluster-ClusterId{value='69bcec7616308b14ae1eb4d3', description='Cluster0'}-ac-efwuqja-shard-00-00.gkw0pvu.mongodb.net:27017] INFO  org.mongodb.driver.cluster - Monitor thread successfully connected to server with description ServerDescription{address=ac-efwuqja-shard-00-00.gkw0pvu.mongodb.net:27017, type=REPLICA_SET_SECONDARY, cryptd=false, state=CONNECTED, ok=true, minWireVersion=0, maxWireVersion=25, maxDocumentSize=16777216, logicalSessionTimeoutMinutes=30, roundTripTimeNanos=349987600, minRoundTripTimeNanos=0, setName='atlas-10i3pz-shard-0', canonicalAddress=ac-efwuqja-shard-00-00.gkw0pvu.mongodb.net:27017, hosts=[ac-efwuqja-shard-00-00.gkw0pvu.mongodb.net:27017, ac-efwuqja-shard-00-01.gkw0pvu.mongodb.net:27017, ac-efwuqja-shard-00-02.gkw0pvu.mongodb.net:27017], passives=[], arbiters=[], primary='ac-efwuqja-shard-00-01.gkw0pvu.mongodb.net:27017', tagSet=TagSet{[Tag{name='availabilityZone', value='aps1-az1'}, Tag{name='diskState', value='READY'}, Tag{name='nodeType', value='ELECTABLE'}, Tag{name='provider', value='AWS'}, Tag{name='region', value='AP_SOUTH_1'}, Tag{name='workloadType', value='OPERATIONAL'}]}, electionId=null, setVersion=368, topologyVersion=TopologyVersion{processId=69b2dd240cccb9a4913cf686, counter=4}, lastWriteDate=Fri Mar 20 14:26:05 IST 2026, lastUpdateTimeNanos=15110809241500} 
26-03-20 14:46:12.565 [cluster-ClusterId{value='69bcec7616308b14ae1eb4d3', description='Cluster0'}-ac-efwuqja-shard-00-02.gkw0pvu.mongodb.net:27017] INFO  org.mongodb.driver.cluster - Exception in monitor thread while connecting to server ac-efwuqja-shard-00-02.gkw0pvu.mongodb.net:27017 
com.mongodb.MongoSocketReadTimeoutException: Timeout while receiving message
	at com.mongodb.internal.connection.InternalStreamConnection.createReadTimeoutException(InternalStreamConnection.java:824)
	at com.mongodb.internal.connection.InternalStreamConnection.translateReadException(InternalStreamConnection.java:812)
	at com.mongodb.internal.connection.InternalStreamConnection.receiveResponseBuffers(InternalStreamConnection.java:862)
	at com.mongodb.internal.connection.InternalStreamConnection.receiveCommandMessageResponse(InternalStreamConnection.java:517)
	at com.mongodb.internal.connection.InternalStreamConnection.receive(InternalStreamConnection.java:469)
	at com.mongodb.internal.connection.DefaultServerMonitor$ServerMonitor.lookupServerDescription(DefaultServerMonitor.java:249)
	at com.mongodb.internal.connection.DefaultServerMonitor$ServerMonitor.run(DefaultServerMonitor.java:176)
Caused by: java.net.SocketTimeoutException: Read timed out
	at java.base/sun.nio.ch.NioSocketImpl.timedRead(NioSocketImpl.java:278)
	at java.base/sun.nio.ch.NioSocketImpl.implRead(NioSocketImpl.java:304)
	at java.base/sun.nio.ch.NioSocketImpl.read(NioSocketImpl.java:346)
	at java.base/sun.nio.ch.NioSocketImpl$1.read(NioSocketImpl.java:796)
	at java.base/java.net.Socket$SocketInputStream.read(Socket.java:1099)
	at java.base/sun.security.ssl.SSLSocketInputRecord.read(SSLSocketInputRecord.java:489)
	at java.base/sun.security.ssl.SSLSocketInputRecord.readHeader(SSLSocketInputRecord.java:483)
	at java.base/sun.security.ssl.SSLSocketInputRecord.bytesInCompletePacket(SSLSocketInputRecord.java:70)
	at java.base/sun.security.ssl.SSLSocketImpl.readApplicationRecord(SSLSocketImpl.java:1461)
	at java.base/sun.security.ssl.SSLSocketImpl$AppInputStream.read(SSLSocketImpl.java:1066)
	at com.mongodb.internal.connection.SocketStream.read(SocketStream.java:182)
	at com.mongodb.internal.connection.InternalStreamConnection.receiveResponseBuffers(InternalStreamConnection.java:829)
	... 4 common frames omitted
26-03-20 14:46:12.729 [cluster-ClusterId{value='69bcec7616308b14ae1eb4d3', description='Cluster0'}-ac-efwuqja-shard-00-02.gkw0pvu.mongodb.net:27017] INFO  org.mongodb.driver.cluster - Monitor thread successfully connected to server with description ServerDescription{address=ac-efwuqja-shard-00-02.gkw0pvu.mongodb.net:27017, type=REPLICA_SET_SECONDARY, cryptd=false, state=CONNECTED, ok=true, minWireVersion=0, maxWireVersion=25, maxDocumentSize=16777216, logicalSessionTimeoutMinutes=30, roundTripTimeNanos=75386000, minRoundTripTimeNanos=0, setName='atlas-10i3pz-shard-0', canonicalAddress=ac-efwuqja-shard-00-02.gkw0pvu.mongodb.net:27017, hosts=[ac-efwuqja-shard-00-00.gkw0pvu.mongodb.net:27017, ac-efwuqja-shard-00-01.gkw0pvu.mongodb.net:27017, ac-efwuqja-shard-00-02.gkw0pvu.mongodb.net:27017], passives=[], arbiters=[], primary='ac-efwuqja-shard-00-01.gkw0pvu.mongodb.net:27017', tagSet=TagSet{[Tag{name='availabilityZone', value='aps1-az2'}, Tag{name='diskState', value='READY'}, Tag{name='nodeType', value='ELECTABLE'}, Tag{name='provider', value='AWS'}, Tag{name='region', value='AP_SOUTH_1'}, Tag{name='workloadType', value='OPERATIONAL'}]}, electionId=null, setVersion=368, topologyVersion=TopologyVersion{processId=69b2e245f135c3fb6d4b708b, counter=3}, lastWriteDate=Fri Mar 20 14:46:12 IST 2026, lastUpdateTimeNanos=16317981000400} 
26-03-20 15:07:25.902 [cluster-ClusterId{value='69bcec7616308b14ae1eb4d3', description='Cluster0'}-ac-efwuqja-shard-00-02.gkw0pvu.mongodb.net:27017] INFO  org.mongodb.driver.cluster - Exception in monitor thread while connecting to server ac-efwuqja-shard-00-02.gkw0pvu.mongodb.net:27017 
com.mongodb.MongoSocketReadTimeoutException: Timeout while receiving message
	at com.mongodb.internal.connection.InternalStreamConnection.createReadTimeoutException(InternalStreamConnection.java:824)
	at com.mongodb.internal.connection.InternalStreamConnection.translateReadException(InternalStreamConnection.java:812)
	at com.mongodb.internal.connection.InternalStreamConnection.receiveResponseBuffers(InternalStreamConnection.java:862)
	at com.mongodb.internal.connection.InternalStreamConnection.receiveCommandMessageResponse(InternalStreamConnection.java:517)
	at com.mongodb.internal.connection.InternalStreamConnection.receive(InternalStreamConnection.java:469)
	at com.mongodb.internal.connection.DefaultServerMonitor$ServerMonitor.lookupServerDescription(DefaultServerMonitor.java:249)
	at com.mongodb.internal.connection.DefaultServerMonitor$ServerMonitor.run(DefaultServerMonitor.java:176)
Caused by: java.net.SocketTimeoutException: Read timed out
	at java.base/sun.nio.ch.NioSocketImpl.timedRead(NioSocketImpl.java:278)
	at java.base/sun.nio.ch.NioSocketImpl.implRead(NioSocketImpl.java:304)
	at java.base/sun.nio.ch.NioSocketImpl.read(NioSocketImpl.java:346)
	at java.base/sun.nio.ch.NioSocketImpl$1.read(NioSocketImpl.java:796)
	at java.base/java.net.Socket$SocketInputStream.read(Socket.java:1099)
	at java.base/sun.security.ssl.SSLSocketInputRecord.read(SSLSocketInputRecord.java:489)
	at java.base/sun.security.ssl.SSLSocketInputRecord.readHeader(SSLSocketInputRecord.java:483)
	at java.base/sun.security.ssl.SSLSocketInputRecord.bytesInCompletePacket(SSLSocketInputRecord.java:70)
	at java.base/sun.security.ssl.SSLSocketImpl.readApplicationRecord(SSLSocketImpl.java:1461)
	at java.base/sun.security.ssl.SSLSocketImpl$AppInputStream.read(SSLSocketImpl.java:1066)
	at com.mongodb.internal.connection.SocketStream.read(SocketStream.java:182)
	at com.mongodb.internal.connection.InternalStreamConnection.receiveResponseBuffers(InternalStreamConnection.java:829)
	... 4 common frames omitted
26-03-20 15:07:26.086 [cluster-ClusterId{value='69bcec7616308b14ae1eb4d3', description='Cluster0'}-ac-efwuqja-shard-00-02.gkw0pvu.mongodb.net:27017] INFO  org.mongodb.driver.cluster - Monitor thread successfully connected to server with description ServerDescription{address=ac-efwuqja-shard-00-02.gkw0pvu.mongodb.net:27017, type=REPLICA_SET_SECONDARY, cryptd=false, state=CONNECTED, ok=true, minWireVersion=0, maxWireVersion=25, maxDocumentSize=16777216, logicalSessionTimeoutMinutes=30, roundTripTimeNanos=108622201, minRoundTripTimeNanos=0, setName='atlas-10i3pz-shard-0', canonicalAddress=ac-efwuqja-shard-00-02.gkw0pvu.mongodb.net:27017, hosts=[ac-efwuqja-shard-00-00.gkw0pvu.mongodb.net:27017, ac-efwuqja-shard-00-01.gkw0pvu.mongodb.net:27017, ac-efwuqja-shard-00-02.gkw0pvu.mongodb.net:27017], passives=[], arbiters=[], primary='ac-efwuqja-shard-00-01.gkw0pvu.mongodb.net:27017', tagSet=TagSet{[Tag{name='availabilityZone', value='aps1-az2'}, Tag{name='diskState', value='READY'}, Tag{name='nodeType', value='ELECTABLE'}, Tag{name='provider', value='AWS'}, Tag{name='region', value='AP_SOUTH_1'}, Tag{name='workloadType', value='OPERATIONAL'}]}, electionId=null, setVersion=368, topologyVersion=TopologyVersion{processId=69b2e245f135c3fb6d4b708b, counter=3}, lastWriteDate=Fri Mar 20 15:07:25 IST 2026, lastUpdateTimeNanos=17591337502700} 
26-03-20 15:07:44.226 [cluster-ClusterId{value='69bcec7616308b14ae1eb4d3', description='Cluster0'}-ac-efwuqja-shard-00-00.gkw0pvu.mongodb.net:27017] INFO  org.mongodb.driver.cluster - Exception in monitor thread while connecting to server ac-efwuqja-shard-00-00.gkw0pvu.mongodb.net:27017 
com.mongodb.MongoSocketReadTimeoutException: Timeout while receiving message
	at com.mongodb.internal.connection.InternalStreamConnection.createReadTimeoutException(InternalStreamConnection.java:824)
	at com.mongodb.internal.connection.InternalStreamConnection.translateReadException(InternalStreamConnection.java:812)
	at com.mongodb.internal.connection.InternalStreamConnection.receiveResponseBuffers(InternalStreamConnection.java:862)
	at com.mongodb.internal.connection.InternalStreamConnection.receiveCommandMessageResponse(InternalStreamConnection.java:517)
	at com.mongodb.internal.connection.InternalStreamConnection.receive(InternalStreamConnection.java:469)
	at com.mongodb.internal.connection.DefaultServerMonitor$ServerMonitor.lookupServerDescription(DefaultServerMonitor.java:249)
	at com.mongodb.internal.connection.DefaultServerMonitor$ServerMonitor.run(DefaultServerMonitor.java:176)
Caused by: java.net.SocketTimeoutException: Read timed out
	at java.base/sun.nio.ch.NioSocketImpl.timedRead(NioSocketImpl.java:278)
	at java.base/sun.nio.ch.NioSocketImpl.implRead(NioSocketImpl.java:304)
	at java.base/sun.nio.ch.NioSocketImpl.read(NioSocketImpl.java:346)
	at java.base/sun.nio.ch.NioSocketImpl$1.read(NioSocketImpl.java:796)
	at java.base/java.net.Socket$SocketInputStream.read(Socket.java:1099)
	at java.base/sun.security.ssl.SSLSocketInputRecord.read(SSLSocketInputRecord.java:489)
	at java.base/sun.security.ssl.SSLSocketInputRecord.readHeader(SSLSocketInputRecord.java:483)
	at java.base/sun.security.ssl.SSLSocketInputRecord.bytesInCompletePacket(SSLSocketInputRecord.java:70)
	at java.base/sun.security.ssl.SSLSocketImpl.readApplicationRecord(SSLSocketImpl.java:1461)
	at java.base/sun.security.ssl.SSLSocketImpl$AppInputStream.read(SSLSocketImpl.java:1066)
	at com.mongodb.internal.connection.SocketStream.read(SocketStream.java:182)
	at com.mongodb.internal.connection.InternalStreamConnection.receiveResponseBuffers(InternalStreamConnection.java:829)
	... 4 common frames omitted
26-03-20 15:07:44.597 [cluster-ClusterId{value='69bcec7616308b14ae1eb4d3', description='Cluster0'}-ac-efwuqja-shard-00-00.gkw0pvu.mongodb.net:27017] INFO  org.mongodb.driver.cluster - Monitor thread successfully connected to server with description ServerDescription{address=ac-efwuqja-shard-00-00.gkw0pvu.mongodb.net:27017, type=REPLICA_SET_SECONDARY, cryptd=false, state=CONNECTED, ok=true, minWireVersion=0, maxWireVersion=25, maxDocumentSize=16777216, logicalSessionTimeoutMinutes=30, roundTripTimeNanos=108561300, minRoundTripTimeNanos=0, setName='atlas-10i3pz-shard-0', canonicalAddress=ac-efwuqja-shard-00-00.gkw0pvu.mongodb.net:27017, hosts=[ac-efwuqja-shard-00-00.gkw0pvu.mongodb.net:27017, ac-efwuqja-shard-00-01.gkw0pvu.mongodb.net:27017, ac-efwuqja-shard-00-02.gkw0pvu.mongodb.net:27017], passives=[], arbiters=[], primary='ac-efwuqja-shard-00-01.gkw0pvu.mongodb.net:27017', tagSet=TagSet{[Tag{name='availabilityZone', value='aps1-az1'}, Tag{name='diskState', value='READY'}, Tag{name='nodeType', value='ELECTABLE'}, Tag{name='provider', value='AWS'}, Tag{name='region', value='AP_SOUTH_1'}, Tag{name='workloadType', value='OPERATIONAL'}]}, electionId=null, setVersion=368, topologyVersion=TopologyVersion{processId=69b2dd240cccb9a4913cf686, counter=4}, lastWriteDate=Fri Mar 20 15:07:44 IST 2026, lastUpdateTimeNanos=17609850459500} 
26-03-20 15:35:47.340 [SpringApplicationShutdownHook] INFO  o.s.b.w.e.tomcat.GracefulShutdown - Commencing graceful shutdown. Waiting for active requests to complete 
26-03-20 15:35:47.359 [tomcat-shutdown] INFO  o.s.b.w.e.tomcat.GracefulShutdown - Graceful shutdown complete 
