26-03-07 14:33:37.145 [main] INFO  c.m.journalApp.JournalApplication - Starting JournalApplication using Java 21 with PID 10052 (C:\Users\manas\Downloads\journalApp\journalApp\target\classes started by manas in C:\Users\manas\Downloads\journalApp) 
26-03-07 14:33:37.149 [main] INFO  c.m.journalApp.JournalApplication - The following 1 profile is active: "dev" 
26-03-07 14:33:38.193 [main] INFO  o.s.d.r.c.RepositoryConfigurationDelegate - Bootstrapping Spring Data MongoDB repositories in DEFAULT mode. 
26-03-07 14:33:38.298 [main] INFO  o.s.d.r.c.RepositoryConfigurationDelegate - Finished Spring Data repository scanning in 93 ms. Found 2 MongoDB repository interfaces. 
26-03-07 14:33:39.095 [main] INFO  o.s.b.w.e.tomcat.TomcatWebServer - Tomcat initialized with port 8085 (http) 
26-03-07 14:33:39.112 [main] INFO  o.a.coyote.http11.Http11NioProtocol - Initializing ProtocolHandler ["http-nio-8085"] 
26-03-07 14:33:39.115 [main] INFO  o.a.catalina.core.StandardService - Starting service [Tomcat] 
26-03-07 14:33:39.115 [main] INFO  o.a.catalina.core.StandardEngine - Starting Servlet engine: [Apache Tomcat/10.1.49] 
26-03-07 14:33:39.219 [main] INFO  o.a.c.c.C.[.[localhost].[/Journal] - Initializing Spring embedded WebApplicationContext 
26-03-07 14:33:39.221 [main] INFO  o.s.b.w.s.c.ServletWebServerApplicationContext - Root WebApplicationContext: initialization completed in 1979 ms 
26-03-07 14:33:40.646 [main] INFO  org.mongodb.driver.client - MongoClient with metadata {"application": {"name": "Cluster0"}, "driver": {"name": "mongo-java-driver|sync|spring-boot", "version": "5.2.1"}, "os": {"type": "Windows", "name": "Windows 11", "architecture": "amd64", "version": "10.0"}, "platform": "Java/Oracle Corporation/21+35-2513"} created with settings MongoClientSettings{readPreference=primary, writeConcern=WriteConcern{w=null, wTimeout=null ms, journal=null}, retryWrites=true, retryReads=true, readConcern=ReadConcern{level=null}, credential=MongoCredential{mechanism=null, userName='manas0309', source='admin', password=<hidden>, mechanismProperties=<hidden>}, transportSettings=null, commandListeners=[], codecRegistry=ProvidersCodecRegistry{codecProviders=[ValueCodecProvider{}, BsonValueCodecProvider{}, DBRefCodecProvider{}, DBObjectCodecProvider{}, DocumentCodecProvider{}, CollectionCodecProvider{}, IterableCodecProvider{}, MapCodecProvider{}, GeoJsonCodecProvider{}, GridFSFileCodecProvider{}, Jsr310CodecProvider{}, JsonObjectCodecProvider{}, BsonCodecProvider{}, EnumCodecProvider{}, com.mongodb.client.model.mql.ExpressionCodecProvider@623e0631, com.mongodb.Jep395RecordCodecProvider@359066bc, com.mongodb.KotlinCodecProvider@385dfb63]}, loggerSettings=LoggerSettings{maxDocumentLength=1000}, clusterSettings={hosts=[127.0.0.1:27017], srvHost=cluster0.gkw0pvu.mongodb.net, srvServiceName=mongodb, mode=MULTIPLE, requiredClusterType=REPLICA_SET, requiredReplicaSetName='atlas-10i3pz-shard-0', serverSelector='null', clusterListeners='[]', serverSelectionTimeout='30000 ms', localThreshold='15 ms'}, socketSettings=SocketSettings{connectTimeoutMS=10000, readTimeoutMS=0, receiveBufferSize=0, proxySettings=ProxySettings{host=null, port=null, username=null, password=null}}, heartbeatSocketSettings=SocketSettings{connectTimeoutMS=10000, readTimeoutMS=10000, receiveBufferSize=0, proxySettings=ProxySettings{host=null, port=null, username=null, password=null}}, connectionPoolSettings=ConnectionPoolSettings{maxSize=100, minSize=0, maxWaitTimeMS=120000, maxConnectionLifeTimeMS=0, maxConnectionIdleTimeMS=0, maintenanceInitialDelayMS=0, maintenanceFrequencyMS=60000, connectionPoolListeners=[], maxConnecting=2}, serverSettings=ServerSettings{heartbeatFrequencyMS=10000, minHeartbeatFrequencyMS=500, serverMonitoringMode=AUTO, serverListeners='[]', serverMonitorListeners='[]'}, sslSettings=SslSettings{enabled=true, invalidHostNameAllowed=false, context=null}, applicationName='Cluster0', compressorList=[], uuidRepresentation=JAVA_LEGACY, serverApi=null, autoEncryptionSettings=null, dnsClient=null, inetAddressResolver=null, contextProvider=null, timeoutMS=null} 
26-03-07 14:33:40.719 [cluster-ClusterId{value='69abe9ec170ae11d19c5e57d', description='Cluster0'}-srv-cluster0.gkw0pvu.mongodb.net] INFO  org.mongodb.driver.cluster - Adding discovered server ac-efwuqja-shard-00-01.gkw0pvu.mongodb.net:27017 to client view of cluster 
26-03-07 14:33:40.767 [cluster-ClusterId{value='69abe9ec170ae11d19c5e57d', description='Cluster0'}-srv-cluster0.gkw0pvu.mongodb.net] INFO  org.mongodb.driver.cluster - Adding discovered server ac-efwuqja-shard-00-02.gkw0pvu.mongodb.net:27017 to client view of cluster 
26-03-07 14:33:40.771 [cluster-ClusterId{value='69abe9ec170ae11d19c5e57d', description='Cluster0'}-srv-cluster0.gkw0pvu.mongodb.net] INFO  org.mongodb.driver.cluster - Adding discovered server ac-efwuqja-shard-00-00.gkw0pvu.mongodb.net:27017 to client view of cluster 
26-03-07 14:33:41.102 [main] INFO  org.mongodb.driver.cluster - Waiting for server to become available for operation with ID 5. Remaining time: 29986 ms. Selector: WritableServerSelector, topology description: {type=REPLICA_SET, servers=[{address=ac-efwuqja-shard-00-01.gkw0pvu.mongodb.net:27017, type=UNKNOWN, state=CONNECTING}, {address=ac-efwuqja-shard-00-02.gkw0pvu.mongodb.net:27017, type=UNKNOWN, state=CONNECTING}, {address=ac-efwuqja-shard-00-00.gkw0pvu.mongodb.net:27017, type=UNKNOWN, state=CONNECTING}]. 
26-03-07 14:33:41.669 [cluster-ClusterId{value='69abe9ec170ae11d19c5e57d', description='Cluster0'}-ac-efwuqja-shard-00-01.gkw0pvu.mongodb.net:27017] INFO  org.mongodb.driver.cluster - Monitor thread successfully connected to server with description ServerDescription{address=ac-efwuqja-shard-00-01.gkw0pvu.mongodb.net:27017, type=REPLICA_SET_PRIMARY, cryptd=false, state=CONNECTED, ok=true, minWireVersion=0, maxWireVersion=25, maxDocumentSize=16777216, logicalSessionTimeoutMinutes=30, roundTripTimeNanos=515120400, minRoundTripTimeNanos=0, setName='atlas-10i3pz-shard-0', canonicalAddress=ac-efwuqja-shard-00-01.gkw0pvu.mongodb.net:27017, hosts=[ac-efwuqja-shard-00-00.gkw0pvu.mongodb.net:27017, ac-efwuqja-shard-00-01.gkw0pvu.mongodb.net:27017, ac-efwuqja-shard-00-02.gkw0pvu.mongodb.net:27017], passives=[], arbiters=[], primary='ac-efwuqja-shard-00-01.gkw0pvu.mongodb.net:27017', tagSet=TagSet{[Tag{name='availabilityZone', value='aps1-az3'}, Tag{name='diskState', value='READY'}, Tag{name='nodeType', value='ELECTABLE'}, Tag{name='provider', value='AWS'}, Tag{name='region', value='AP_SOUTH_1'}, Tag{name='workloadType', value='OPERATIONAL'}]}, electionId=7fffffff0000000000000168, setVersion=368, topologyVersion=TopologyVersion{processId=699f22a04933e03de533de66, counter=6}, lastWriteDate=Sat Mar 07 14:33:39 IST 2026, lastUpdateTimeNanos=15044913094700} 
26-03-07 14:33:41.677 [cluster-ClusterId{value='69abe9ec170ae11d19c5e57d', description='Cluster0'}-ac-efwuqja-shard-00-01.gkw0pvu.mongodb.net:27017] INFO  org.mongodb.driver.cluster - Discovered replica set primary ac-efwuqja-shard-00-01.gkw0pvu.mongodb.net:27017 with max election id 7fffffff0000000000000168 and max set version 368 
26-03-07 14:33:42.306 [cluster-ClusterId{value='69abe9ec170ae11d19c5e57d', description='Cluster0'}-ac-efwuqja-shard-00-02.gkw0pvu.mongodb.net:27017] INFO  org.mongodb.driver.cluster - Monitor thread successfully connected to server with description ServerDescription{address=ac-efwuqja-shard-00-02.gkw0pvu.mongodb.net:27017, type=REPLICA_SET_SECONDARY, cryptd=false, state=CONNECTED, ok=true, minWireVersion=0, maxWireVersion=25, maxDocumentSize=16777216, logicalSessionTimeoutMinutes=30, roundTripTimeNanos=240229700, minRoundTripTimeNanos=0, setName='atlas-10i3pz-shard-0', canonicalAddress=ac-efwuqja-shard-00-02.gkw0pvu.mongodb.net:27017, hosts=[ac-efwuqja-shard-00-00.gkw0pvu.mongodb.net:27017, ac-efwuqja-shard-00-01.gkw0pvu.mongodb.net:27017, ac-efwuqja-shard-00-02.gkw0pvu.mongodb.net:27017], passives=[], arbiters=[], primary='ac-efwuqja-shard-00-01.gkw0pvu.mongodb.net:27017', tagSet=TagSet{[Tag{name='availabilityZone', value='aps1-az2'}, Tag{name='diskState', value='READY'}, Tag{name='nodeType', value='ELECTABLE'}, Tag{name='provider', value='AWS'}, Tag{name='region', value='AP_SOUTH_1'}, Tag{name='workloadType', value='OPERATIONAL'}]}, electionId=null, setVersion=368, topologyVersion=TopologyVersion{processId=699f251b831ac1912959b919, counter=3}, lastWriteDate=Sat Mar 07 14:33:40 IST 2026, lastUpdateTimeNanos=15045553598400} 
26-03-07 14:33:42.363 [main] WARN  o.s.s.c.a.a.c.InitializeUserDetailsBeanManagerConfigurer$InitializeUserDetailsManagerConfigurer - Global AuthenticationManager configured with an AuthenticationProvider bean. UserDetailsService beans will not be used by Spring Security for automatically configuring username/password login. Consider removing the AuthenticationProvider bean. Alternatively, consider using the UserDetailsService in a manually instantiated DaoAuthenticationProvider. If the current configuration is intentional, to turn off this warning, increase the logging level of 'org.springframework.security.config.annotation.authentication.configuration.InitializeUserDetailsBeanManagerConfigurer' to ERROR 
26-03-07 14:33:42.458 [cluster-ClusterId{value='69abe9ec170ae11d19c5e57d', description='Cluster0'}-ac-efwuqja-shard-00-00.gkw0pvu.mongodb.net:27017] INFO  org.mongodb.driver.cluster - Monitor thread successfully connected to server with description ServerDescription{address=ac-efwuqja-shard-00-00.gkw0pvu.mongodb.net:27017, type=REPLICA_SET_SECONDARY, cryptd=false, state=CONNECTED, ok=true, minWireVersion=0, maxWireVersion=25, maxDocumentSize=16777216, logicalSessionTimeoutMinutes=30, roundTripTimeNanos=299074700, minRoundTripTimeNanos=0, setName='atlas-10i3pz-shard-0', canonicalAddress=ac-efwuqja-shard-00-00.gkw0pvu.mongodb.net:27017, hosts=[ac-efwuqja-shard-00-00.gkw0pvu.mongodb.net:27017, ac-efwuqja-shard-00-01.gkw0pvu.mongodb.net:27017, ac-efwuqja-shard-00-02.gkw0pvu.mongodb.net:27017], passives=[], arbiters=[], primary='ac-efwuqja-shard-00-01.gkw0pvu.mongodb.net:27017', tagSet=TagSet{[Tag{name='availabilityZone', value='aps1-az1'}, Tag{name='diskState', value='READY'}, Tag{name='nodeType', value='ELECTABLE'}, Tag{name='provider', value='AWS'}, Tag{name='region', value='AP_SOUTH_1'}, Tag{name='workloadType', value='OPERATIONAL'}]}, electionId=null, setVersion=368, topologyVersion=TopologyVersion{processId=699f1ee51b1277ac716f99ba, counter=4}, lastWriteDate=Sat Mar 07 14:33:40 IST 2026, lastUpdateTimeNanos=15045705206400} 
26-03-07 14:33:42.492 [main] INFO  o.s.b.a.w.s.WelcomePageHandlerMapping - Adding welcome page: class path resource [static/index.html] 
26-03-07 14:33:43.047 [main] INFO  o.a.coyote.http11.Http11NioProtocol - Starting ProtocolHandler ["http-nio-8085"] 
26-03-07 14:33:43.069 [main] INFO  o.s.b.w.e.tomcat.TomcatWebServer - Tomcat started on port 8085 (http) with context path '/Journal' 
26-03-07 14:33:43.081 [main] INFO  c.m.journalApp.JournalApplication - Started JournalApplication in 6.598 seconds (process running for 7.404) 
26-03-07 14:41:28.334 [cluster-ClusterId{value='69abe9ec170ae11d19c5e57d', description='Cluster0'}-ac-efwuqja-shard-00-01.gkw0pvu.mongodb.net:27017] INFO  org.mongodb.driver.cluster - Exception in monitor thread while connecting to server ac-efwuqja-shard-00-01.gkw0pvu.mongodb.net:27017 
com.mongodb.MongoSocketReadTimeoutException: Timeout while receiving message
	at com.mongodb.internal.connection.InternalStreamConnection.createReadTimeoutException(InternalStreamConnection.java:824)
	at com.mongodb.internal.connection.InternalStreamConnection.translateReadException(InternalStreamConnection.java:812)
	at com.mongodb.internal.connection.InternalStreamConnection.receiveResponseBuffers(InternalStreamConnection.java:862)
	at com.mongodb.internal.connection.InternalStreamConnection.receiveCommandMessageResponse(InternalStreamConnection.java:517)
	at com.mongodb.internal.connection.InternalStreamConnection.receive(InternalStreamConnection.java:469)
	at com.mongodb.internal.connection.DefaultServerMonitor$ServerMonitor.lookupServerDescription(DefaultServerMonitor.java:249)
	at com.mongodb.internal.connection.DefaultServerMonitor$ServerMonitor.run(DefaultServerMonitor.java:176)
Caused by: java.net.SocketTimeoutException: Read timed out
	at java.base/sun.nio.ch.NioSocketImpl.timedRead(NioSocketImpl.java:278)
	at java.base/sun.nio.ch.NioSocketImpl.implRead(NioSocketImpl.java:304)
	at java.base/sun.nio.ch.NioSocketImpl.read(NioSocketImpl.java:346)
	at java.base/sun.nio.ch.NioSocketImpl$1.read(NioSocketImpl.java:796)
	at java.base/java.net.Socket$SocketInputStream.read(Socket.java:1099)
	at java.base/sun.security.ssl.SSLSocketInputRecord.read(SSLSocketInputRecord.java:489)
	at java.base/sun.security.ssl.SSLSocketInputRecord.readHeader(SSLSocketInputRecord.java:483)
	at java.base/sun.security.ssl.SSLSocketInputRecord.bytesInCompletePacket(SSLSocketInputRecord.java:70)
	at java.base/sun.security.ssl.SSLSocketImpl.readApplicationRecord(SSLSocketImpl.java:1461)
	at java.base/sun.security.ssl.SSLSocketImpl$AppInputStream.read(SSLSocketImpl.java:1066)
	at com.mongodb.internal.connection.SocketStream.read(SocketStream.java:182)
	at com.mongodb.internal.connection.InternalStreamConnection.receiveResponseBuffers(InternalStreamConnection.java:829)
	... 4 common frames omitted
26-03-07 14:41:28.334 [cluster-ClusterId{value='69abe9ec170ae11d19c5e57d', description='Cluster0'}-ac-efwuqja-shard-00-02.gkw0pvu.mongodb.net:27017] INFO  org.mongodb.driver.cluster - Exception in monitor thread while connecting to server ac-efwuqja-shard-00-02.gkw0pvu.mongodb.net:27017 
com.mongodb.MongoSocketReadTimeoutException: Timeout while receiving message
	at com.mongodb.internal.connection.InternalStreamConnection.createReadTimeoutException(InternalStreamConnection.java:824)
	at com.mongodb.internal.connection.InternalStreamConnection.translateReadException(InternalStreamConnection.java:812)
	at com.mongodb.internal.connection.InternalStreamConnection.receiveResponseBuffers(InternalStreamConnection.java:862)
	at com.mongodb.internal.connection.InternalStreamConnection.receiveCommandMessageResponse(InternalStreamConnection.java:517)
	at com.mongodb.internal.connection.InternalStreamConnection.receive(InternalStreamConnection.java:469)
	at com.mongodb.internal.connection.DefaultServerMonitor$ServerMonitor.lookupServerDescription(DefaultServerMonitor.java:249)
	at com.mongodb.internal.connection.DefaultServerMonitor$ServerMonitor.run(DefaultServerMonitor.java:176)
Caused by: java.net.SocketTimeoutException: Read timed out
	at java.base/sun.nio.ch.NioSocketImpl.timedRead(NioSocketImpl.java:278)
	at java.base/sun.nio.ch.NioSocketImpl.implRead(NioSocketImpl.java:304)
	at java.base/sun.nio.ch.NioSocketImpl.read(NioSocketImpl.java:346)
	at java.base/sun.nio.ch.NioSocketImpl$1.read(NioSocketImpl.java:796)
	at java.base/java.net.Socket$SocketInputStream.read(Socket.java:1099)
	at java.base/sun.security.ssl.SSLSocketInputRecord.read(SSLSocketInputRecord.java:489)
	at java.base/sun.security.ssl.SSLSocketInputRecord.readHeader(SSLSocketInputRecord.java:483)
	at java.base/sun.security.ssl.SSLSocketInputRecord.bytesInCompletePacket(SSLSocketInputRecord.java:70)
	at java.base/sun.security.ssl.SSLSocketImpl.readApplicationRecord(SSLSocketImpl.java:1461)
	at java.base/sun.security.ssl.SSLSocketImpl$AppInputStream.read(SSLSocketImpl.java:1066)
	at com.mongodb.internal.connection.SocketStream.read(SocketStream.java:182)
	at com.mongodb.internal.connection.InternalStreamConnection.receiveResponseBuffers(InternalStreamConnection.java:829)
	... 4 common frames omitted
26-03-07 14:41:28.334 [cluster-ClusterId{value='69abe9ec170ae11d19c5e57d', description='Cluster0'}-ac-efwuqja-shard-00-00.gkw0pvu.mongodb.net:27017] INFO  org.mongodb.driver.cluster - Exception in monitor thread while connecting to server ac-efwuqja-shard-00-00.gkw0pvu.mongodb.net:27017 
com.mongodb.MongoSocketReadTimeoutException: Timeout while receiving message
	at com.mongodb.internal.connection.InternalStreamConnection.createReadTimeoutException(InternalStreamConnection.java:824)
	at com.mongodb.internal.connection.InternalStreamConnection.translateReadException(InternalStreamConnection.java:812)
	at com.mongodb.internal.connection.InternalStreamConnection.receiveResponseBuffers(InternalStreamConnection.java:862)
	at com.mongodb.internal.connection.InternalStreamConnection.receiveCommandMessageResponse(InternalStreamConnection.java:517)
	at com.mongodb.internal.connection.InternalStreamConnection.receive(InternalStreamConnection.java:469)
	at com.mongodb.internal.connection.DefaultServerMonitor$ServerMonitor.lookupServerDescription(DefaultServerMonitor.java:249)
	at com.mongodb.internal.connection.DefaultServerMonitor$ServerMonitor.run(DefaultServerMonitor.java:176)
Caused by: java.net.SocketTimeoutException: Read timed out
	at java.base/sun.nio.ch.NioSocketImpl.timedRead(NioSocketImpl.java:278)
	at java.base/sun.nio.ch.NioSocketImpl.implRead(NioSocketImpl.java:304)
	at java.base/sun.nio.ch.NioSocketImpl.read(NioSocketImpl.java:346)
	at java.base/sun.nio.ch.NioSocketImpl$1.read(NioSocketImpl.java:796)
	at java.base/java.net.Socket$SocketInputStream.read(Socket.java:1099)
	at java.base/sun.security.ssl.SSLSocketInputRecord.read(SSLSocketInputRecord.java:489)
	at java.base/sun.security.ssl.SSLSocketInputRecord.readHeader(SSLSocketInputRecord.java:483)
	at java.base/sun.security.ssl.SSLSocketInputRecord.bytesInCompletePacket(SSLSocketInputRecord.java:70)
	at java.base/sun.security.ssl.SSLSocketImpl.readApplicationRecord(SSLSocketImpl.java:1461)
	at java.base/sun.security.ssl.SSLSocketImpl$AppInputStream.read(SSLSocketImpl.java:1066)
	at com.mongodb.internal.connection.SocketStream.read(SocketStream.java:182)
	at com.mongodb.internal.connection.InternalStreamConnection.receiveResponseBuffers(InternalStreamConnection.java:829)
	... 4 common frames omitted
26-03-07 14:41:28.542 [cluster-ClusterId{value='69abe9ec170ae11d19c5e57d', description='Cluster0'}-ac-efwuqja-shard-00-01.gkw0pvu.mongodb.net:27017] INFO  org.mongodb.driver.cluster - Monitor thread successfully connected to server with description ServerDescription{address=ac-efwuqja-shard-00-01.gkw0pvu.mongodb.net:27017, type=REPLICA_SET_PRIMARY, cryptd=false, state=CONNECTED, ok=true, minWireVersion=0, maxWireVersion=25, maxDocumentSize=16777216, logicalSessionTimeoutMinutes=30, roundTripTimeNanos=70608100, minRoundTripTimeNanos=0, setName='atlas-10i3pz-shard-0', canonicalAddress=ac-efwuqja-shard-00-01.gkw0pvu.mongodb.net:27017, hosts=[ac-efwuqja-shard-00-00.gkw0pvu.mongodb.net:27017, ac-efwuqja-shard-00-01.gkw0pvu.mongodb.net:27017, ac-efwuqja-shard-00-02.gkw0pvu.mongodb.net:27017], passives=[], arbiters=[], primary='ac-efwuqja-shard-00-01.gkw0pvu.mongodb.net:27017', tagSet=TagSet{[Tag{name='availabilityZone', value='aps1-az3'}, Tag{name='diskState', value='READY'}, Tag{name='nodeType', value='ELECTABLE'}, Tag{name='provider', value='AWS'}, Tag{name='region', value='AP_SOUTH_1'}, Tag{name='workloadType', value='OPERATIONAL'}]}, electionId=7fffffff0000000000000168, setVersion=368, topologyVersion=TopologyVersion{processId=699f22a04933e03de533de66, counter=6}, lastWriteDate=Sat Mar 07 14:41:26 IST 2026, lastUpdateTimeNanos=15511788725100} 
26-03-07 14:41:28.543 [cluster-ClusterId{value='69abe9ec170ae11d19c5e57d', description='Cluster0'}-ac-efwuqja-shard-00-01.gkw0pvu.mongodb.net:27017] INFO  org.mongodb.driver.cluster - Discovered replica set primary ac-efwuqja-shard-00-01.gkw0pvu.mongodb.net:27017 with max election id 7fffffff0000000000000168 and max set version 368 
26-03-07 14:41:28.543 [cluster-ClusterId{value='69abe9ec170ae11d19c5e57d', description='Cluster0'}-ac-efwuqja-shard-00-00.gkw0pvu.mongodb.net:27017] INFO  org.mongodb.driver.cluster - Monitor thread successfully connected to server with description ServerDescription{address=ac-efwuqja-shard-00-00.gkw0pvu.mongodb.net:27017, type=REPLICA_SET_SECONDARY, cryptd=false, state=CONNECTED, ok=true, minWireVersion=0, maxWireVersion=25, maxDocumentSize=16777216, logicalSessionTimeoutMinutes=30, roundTripTimeNanos=72175300, minRoundTripTimeNanos=0, setName='atlas-10i3pz-shard-0', canonicalAddress=ac-efwuqja-shard-00-00.gkw0pvu.mongodb.net:27017, hosts=[ac-efwuqja-shard-00-00.gkw0pvu.mongodb.net:27017, ac-efwuqja-shard-00-01.gkw0pvu.mongodb.net:27017, ac-efwuqja-shard-00-02.gkw0pvu.mongodb.net:27017], passives=[], arbiters=[], primary='ac-efwuqja-shard-00-01.gkw0pvu.mongodb.net:27017', tagSet=TagSet{[Tag{name='availabilityZone', value='aps1-az1'}, Tag{name='diskState', value='READY'}, Tag{name='nodeType', value='ELECTABLE'}, Tag{name='provider', value='AWS'}, Tag{name='region', value='AP_SOUTH_1'}, Tag{name='workloadType', value='OPERATIONAL'}]}, electionId=null, setVersion=368, topologyVersion=TopologyVersion{processId=699f1ee51b1277ac716f99ba, counter=4}, lastWriteDate=Sat Mar 07 14:41:26 IST 2026, lastUpdateTimeNanos=15511790291800} 
26-03-07 14:41:28.569 [cluster-ClusterId{value='69abe9ec170ae11d19c5e57d', description='Cluster0'}-ac-efwuqja-shard-00-02.gkw0pvu.mongodb.net:27017] INFO  org.mongodb.driver.cluster - Monitor thread successfully connected to server with description ServerDescription{address=ac-efwuqja-shard-00-02.gkw0pvu.mongodb.net:27017, type=REPLICA_SET_SECONDARY, cryptd=false, state=CONNECTED, ok=true, minWireVersion=0, maxWireVersion=25, maxDocumentSize=16777216, logicalSessionTimeoutMinutes=30, roundTripTimeNanos=67445800, minRoundTripTimeNanos=0, setName='atlas-10i3pz-shard-0', canonicalAddress=ac-efwuqja-shard-00-02.gkw0pvu.mongodb.net:27017, hosts=[ac-efwuqja-shard-00-00.gkw0pvu.mongodb.net:27017, ac-efwuqja-shard-00-01.gkw0pvu.mongodb.net:27017, ac-efwuqja-shard-00-02.gkw0pvu.mongodb.net:27017], passives=[], arbiters=[], primary='ac-efwuqja-shard-00-01.gkw0pvu.mongodb.net:27017', tagSet=TagSet{[Tag{name='availabilityZone', value='aps1-az2'}, Tag{name='diskState', value='READY'}, Tag{name='nodeType', value='ELECTABLE'}, Tag{name='provider', value='AWS'}, Tag{name='region', value='AP_SOUTH_1'}, Tag{name='workloadType', value='OPERATIONAL'}]}, electionId=null, setVersion=368, topologyVersion=TopologyVersion{processId=699f251b831ac1912959b919, counter=3}, lastWriteDate=Sat Mar 07 14:41:26 IST 2026, lastUpdateTimeNanos=15511816429800} 
26-03-07 16:05:33.493 [SpringApplicationShutdownHook] INFO  o.s.b.w.e.tomcat.GracefulShutdown - Commencing graceful shutdown. Waiting for active requests to complete 
26-03-07 16:05:33.502 [tomcat-shutdown] INFO  o.s.b.w.e.tomcat.GracefulShutdown - Graceful shutdown complete 
26-03-07 16:05:37.322 [main] INFO  c.m.journalApp.JournalApplication - Starting JournalApplication using Java 21 with PID 31716 (C:\Users\manas\Downloads\journalApp\journalApp\target\classes started by manas in C:\Users\manas\Downloads\journalApp) 
26-03-07 16:05:37.326 [main] INFO  c.m.journalApp.JournalApplication - The following 1 profile is active: "dev" 
26-03-07 16:05:38.265 [main] INFO  o.s.d.r.c.RepositoryConfigurationDelegate - Bootstrapping Spring Data MongoDB repositories in DEFAULT mode. 
26-03-07 16:05:38.374 [main] INFO  o.s.d.r.c.RepositoryConfigurationDelegate - Finished Spring Data repository scanning in 99 ms. Found 2 MongoDB repository interfaces. 
26-03-07 16:05:39.123 [main] INFO  o.s.b.w.e.tomcat.TomcatWebServer - Tomcat initialized with port 8085 (http) 
26-03-07 16:05:39.141 [main] INFO  o.a.coyote.http11.Http11NioProtocol - Initializing ProtocolHandler ["http-nio-8085"] 
26-03-07 16:05:39.145 [main] INFO  o.a.catalina.core.StandardService - Starting service [Tomcat] 
26-03-07 16:05:39.145 [main] INFO  o.a.catalina.core.StandardEngine - Starting Servlet engine: [Apache Tomcat/10.1.49] 
26-03-07 16:05:39.244 [main] INFO  o.a.c.c.C.[.[localhost].[/Journal] - Initializing Spring embedded WebApplicationContext 
26-03-07 16:05:39.244 [main] INFO  o.s.b.w.s.c.ServletWebServerApplicationContext - Root WebApplicationContext: initialization completed in 1833 ms 
26-03-07 16:05:39.612 [main] INFO  org.mongodb.driver.client - MongoClient with metadata {"application": {"name": "Cluster0"}, "driver": {"name": "mongo-java-driver|sync|spring-boot", "version": "5.2.1"}, "os": {"type": "Windows", "name": "Windows 11", "architecture": "amd64", "version": "10.0"}, "platform": "Java/Oracle Corporation/21+35-2513"} created with settings MongoClientSettings{readPreference=primary, writeConcern=WriteConcern{w=null, wTimeout=null ms, journal=null}, retryWrites=true, retryReads=true, readConcern=ReadConcern{level=null}, credential=MongoCredential{mechanism=null, userName='manas0309', source='admin', password=<hidden>, mechanismProperties=<hidden>}, transportSettings=null, commandListeners=[], codecRegistry=ProvidersCodecRegistry{codecProviders=[ValueCodecProvider{}, BsonValueCodecProvider{}, DBRefCodecProvider{}, DBObjectCodecProvider{}, DocumentCodecProvider{}, CollectionCodecProvider{}, IterableCodecProvider{}, MapCodecProvider{}, GeoJsonCodecProvider{}, GridFSFileCodecProvider{}, Jsr310CodecProvider{}, JsonObjectCodecProvider{}, BsonCodecProvider{}, EnumCodecProvider{}, com.mongodb.client.model.mql.ExpressionCodecProvider@7455dacb, com.mongodb.Jep395RecordCodecProvider@7634f2b, com.mongodb.KotlinCodecProvider@1d15c0a1]}, loggerSettings=LoggerSettings{maxDocumentLength=1000}, clusterSettings={hosts=[127.0.0.1:27017], srvHost=cluster0.gkw0pvu.mongodb.net, srvServiceName=mongodb, mode=MULTIPLE, requiredClusterType=REPLICA_SET, requiredReplicaSetName='atlas-10i3pz-shard-0', serverSelector='null', clusterListeners='[]', serverSelectionTimeout='30000 ms', localThreshold='15 ms'}, socketSettings=SocketSettings{connectTimeoutMS=10000, readTimeoutMS=0, receiveBufferSize=0, proxySettings=ProxySettings{host=null, port=null, username=null, password=null}}, heartbeatSocketSettings=SocketSettings{connectTimeoutMS=10000, readTimeoutMS=10000, receiveBufferSize=0, proxySettings=ProxySettings{host=null, port=null, username=null, password=null}}, connectionPoolSettings=ConnectionPoolSettings{maxSize=100, minSize=0, maxWaitTimeMS=120000, maxConnectionLifeTimeMS=0, maxConnectionIdleTimeMS=0, maintenanceInitialDelayMS=0, maintenanceFrequencyMS=60000, connectionPoolListeners=[], maxConnecting=2}, serverSettings=ServerSettings{heartbeatFrequencyMS=10000, minHeartbeatFrequencyMS=500, serverMonitoringMode=AUTO, serverListeners='[]', serverMonitorListeners='[]'}, sslSettings=SslSettings{enabled=true, invalidHostNameAllowed=false, context=null}, applicationName='Cluster0', compressorList=[], uuidRepresentation=JAVA_LEGACY, serverApi=null, autoEncryptionSettings=null, dnsClient=null, inetAddressResolver=null, contextProvider=null, timeoutMS=null} 
26-03-07 16:05:39.624 [cluster-ClusterId{value='69abff7bd62a07054fb17bbc', description='Cluster0'}-srv-cluster0.gkw0pvu.mongodb.net] INFO  org.mongodb.driver.cluster - Adding discovered server ac-efwuqja-shard-00-01.gkw0pvu.mongodb.net:27017 to client view of cluster 
26-03-07 16:05:39.664 [cluster-ClusterId{value='69abff7bd62a07054fb17bbc', description='Cluster0'}-srv-cluster0.gkw0pvu.mongodb.net] INFO  org.mongodb.driver.cluster - Adding discovered server ac-efwuqja-shard-00-02.gkw0pvu.mongodb.net:27017 to client view of cluster 
26-03-07 16:05:39.670 [cluster-ClusterId{value='69abff7bd62a07054fb17bbc', description='Cluster0'}-srv-cluster0.gkw0pvu.mongodb.net] INFO  org.mongodb.driver.cluster - Adding discovered server ac-efwuqja-shard-00-00.gkw0pvu.mongodb.net:27017 to client view of cluster 
26-03-07 16:05:40.052 [main] INFO  org.mongodb.driver.cluster - Waiting for server to become available for operation with ID 5. Remaining time: 29989 ms. Selector: WritableServerSelector, topology description: {type=REPLICA_SET, servers=[{address=ac-efwuqja-shard-00-01.gkw0pvu.mongodb.net:27017, type=UNKNOWN, state=CONNECTING}, {address=ac-efwuqja-shard-00-02.gkw0pvu.mongodb.net:27017, type=UNKNOWN, state=CONNECTING}, {address=ac-efwuqja-shard-00-00.gkw0pvu.mongodb.net:27017, type=UNKNOWN, state=CONNECTING}]. 
26-03-07 16:05:40.294 [cluster-ClusterId{value='69abff7bd62a07054fb17bbc', description='Cluster0'}-ac-efwuqja-shard-00-01.gkw0pvu.mongodb.net:27017] INFO  org.mongodb.driver.cluster - Monitor thread successfully connected to server with description ServerDescription{address=ac-efwuqja-shard-00-01.gkw0pvu.mongodb.net:27017, type=REPLICA_SET_PRIMARY, cryptd=false, state=CONNECTED, ok=true, minWireVersion=0, maxWireVersion=25, maxDocumentSize=16777216, logicalSessionTimeoutMinutes=30, roundTripTimeNanos=330028300, minRoundTripTimeNanos=0, setName='atlas-10i3pz-shard-0', canonicalAddress=ac-efwuqja-shard-00-01.gkw0pvu.mongodb.net:27017, hosts=[ac-efwuqja-shard-00-00.gkw0pvu.mongodb.net:27017, ac-efwuqja-shard-00-01.gkw0pvu.mongodb.net:27017, ac-efwuqja-shard-00-02.gkw0pvu.mongodb.net:27017], passives=[], arbiters=[], primary='ac-efwuqja-shard-00-01.gkw0pvu.mongodb.net:27017', tagSet=TagSet{[Tag{name='availabilityZone', value='aps1-az3'}, Tag{name='diskState', value='READY'}, Tag{name='nodeType', value='ELECTABLE'}, Tag{name='provider', value='AWS'}, Tag{name='region', value='AP_SOUTH_1'}, Tag{name='workloadType', value='OPERATIONAL'}]}, electionId=7fffffff0000000000000168, setVersion=368, topologyVersion=TopologyVersion{processId=699f22a04933e03de533de66, counter=6}, lastWriteDate=Sat Mar 07 16:05:38 IST 2026, lastUpdateTimeNanos=20563537430600} 
26-03-07 16:05:40.299 [cluster-ClusterId{value='69abff7bd62a07054fb17bbc', description='Cluster0'}-ac-efwuqja-shard-00-01.gkw0pvu.mongodb.net:27017] INFO  org.mongodb.driver.cluster - Discovered replica set primary ac-efwuqja-shard-00-01.gkw0pvu.mongodb.net:27017 with max election id 7fffffff0000000000000168 and max set version 368 
26-03-07 16:05:41.050 [main] WARN  o.s.s.c.a.a.c.InitializeUserDetailsBeanManagerConfigurer$InitializeUserDetailsManagerConfigurer - Global AuthenticationManager configured with an AuthenticationProvider bean. UserDetailsService beans will not be used by Spring Security for automatically configuring username/password login. Consider removing the AuthenticationProvider bean. Alternatively, consider using the UserDetailsService in a manually instantiated DaoAuthenticationProvider. If the current configuration is intentional, to turn off this warning, increase the logging level of 'org.springframework.security.config.annotation.authentication.configuration.InitializeUserDetailsBeanManagerConfigurer' to ERROR 
26-03-07 16:05:41.156 [main] INFO  o.s.b.a.w.s.WelcomePageHandlerMapping - Adding welcome page: class path resource [static/index.html] 
26-03-07 16:05:41.267 [cluster-ClusterId{value='69abff7bd62a07054fb17bbc', description='Cluster0'}-ac-efwuqja-shard-00-02.gkw0pvu.mongodb.net:27017] INFO  org.mongodb.driver.cluster - Monitor thread successfully connected to server with description ServerDescription{address=ac-efwuqja-shard-00-02.gkw0pvu.mongodb.net:27017, type=REPLICA_SET_SECONDARY, cryptd=false, state=CONNECTED, ok=true, minWireVersion=0, maxWireVersion=25, maxDocumentSize=16777216, logicalSessionTimeoutMinutes=30, roundTripTimeNanos=251542500, minRoundTripTimeNanos=0, setName='atlas-10i3pz-shard-0', canonicalAddress=ac-efwuqja-shard-00-02.gkw0pvu.mongodb.net:27017, hosts=[ac-efwuqja-shard-00-00.gkw0pvu.mongodb.net:27017, ac-efwuqja-shard-00-01.gkw0pvu.mongodb.net:27017, ac-efwuqja-shard-00-02.gkw0pvu.mongodb.net:27017], passives=[], arbiters=[], primary='ac-efwuqja-shard-00-01.gkw0pvu.mongodb.net:27017', tagSet=TagSet{[Tag{name='availabilityZone', value='aps1-az2'}, Tag{name='diskState', value='READY'}, Tag{name='nodeType', value='ELECTABLE'}, Tag{name='provider', value='AWS'}, Tag{name='region', value='AP_SOUTH_1'}, Tag{name='workloadType', value='OPERATIONAL'}]}, electionId=null, setVersion=368, topologyVersion=TopologyVersion{processId=699f251b831ac1912959b919, counter=3}, lastWriteDate=Sat Mar 07 16:05:39 IST 2026, lastUpdateTimeNanos=20564514165500} 
26-03-07 16:05:41.417 [cluster-ClusterId{value='69abff7bd62a07054fb17bbc', description='Cluster0'}-ac-efwuqja-shard-00-00.gkw0pvu.mongodb.net:27017] INFO  org.mongodb.driver.cluster - Monitor thread successfully connected to server with description ServerDescription{address=ac-efwuqja-shard-00-00.gkw0pvu.mongodb.net:27017, type=REPLICA_SET_SECONDARY, cryptd=false, state=CONNECTED, ok=true, minWireVersion=0, maxWireVersion=25, maxDocumentSize=16777216, logicalSessionTimeoutMinutes=30, roundTripTimeNanos=325328600, minRoundTripTimeNanos=0, setName='atlas-10i3pz-shard-0', canonicalAddress=ac-efwuqja-shard-00-00.gkw0pvu.mongodb.net:27017, hosts=[ac-efwuqja-shard-00-00.gkw0pvu.mongodb.net:27017, ac-efwuqja-shard-00-01.gkw0pvu.mongodb.net:27017, ac-efwuqja-shard-00-02.gkw0pvu.mongodb.net:27017], passives=[], arbiters=[], primary='ac-efwuqja-shard-00-01.gkw0pvu.mongodb.net:27017', tagSet=TagSet{[Tag{name='availabilityZone', value='aps1-az1'}, Tag{name='diskState', value='READY'}, Tag{name='nodeType', value='ELECTABLE'}, Tag{name='provider', value='AWS'}, Tag{name='region', value='AP_SOUTH_1'}, Tag{name='workloadType', value='OPERATIONAL'}]}, electionId=null, setVersion=368, topologyVersion=TopologyVersion{processId=699f1ee51b1277ac716f99ba, counter=4}, lastWriteDate=Sat Mar 07 16:05:39 IST 2026, lastUpdateTimeNanos=20564664690400} 
26-03-07 16:05:41.667 [main] INFO  o.a.coyote.http11.Http11NioProtocol - Starting ProtocolHandler ["http-nio-8085"] 
26-03-07 16:05:41.683 [main] INFO  o.s.b.w.e.tomcat.TomcatWebServer - Tomcat started on port 8085 (http) with context path '/Journal' 
26-03-07 16:05:41.695 [main] INFO  c.m.journalApp.JournalApplication - Started JournalApplication in 5.079 seconds (process running for 5.954) 
26-03-07 16:06:18.033 [SpringApplicationShutdownHook] INFO  o.s.b.w.e.tomcat.GracefulShutdown - Commencing graceful shutdown. Waiting for active requests to complete 
26-03-07 16:06:18.039 [tomcat-shutdown] INFO  o.s.b.w.e.tomcat.GracefulShutdown - Graceful shutdown complete 
